TN:
SF:packages/core/Base/factory.ts
FN:1,Object.<anonymous>
FN:6,<static_fields_initializer>
FN:7,Instance
FNF:3
FNH:3
FNDA:2,Object.<anonymous>
FNDA:2,<static_fields_initializer>
FNDA:2,Instance
DA:1,2
DA:2,2
DA:3,2
DA:4,2
DA:5,2
DA:6,2
DA:7,2
DA:8,2
DA:9,2
DA:10,2
DA:11,2
DA:12,2
DA:13,2
DA:14,2
DA:15,2
LF:15
LH:15
BRDA:1,0,0,2
BRDA:1,1,0,2
BRDA:6,2,0,2
BRDA:7,3,0,2
BRF:4
BRH:4
end_of_record
TN:
SF:packages/core/IndexDB/baseCache.ts
FN:1,Object.<anonymous>
FN:12,<instance_members_initializer>
FNF:2
FNH:2
FNDA:1,Object.<anonymous>
FNDA:1,<instance_members_initializer>
DA:1,1
DA:2,1
DA:3,1
DA:4,1
DA:5,1
DA:6,1
DA:7,1
DA:8,1
DA:9,1
DA:10,1
DA:11,1
DA:12,1
DA:13,1
DA:14,1
LF:14
LH:14
BRDA:1,0,0,1
BRDA:1,1,0,1
BRDA:12,2,0,1
BRF:3
BRH:3
end_of_record
TN:
SF:packages/core/IndexDB/index.ts
FN:1,Object.<anonymous>
FN:16,<instance_members_initializer>
FN:16,IndexDB
FNF:3
FNH:3
FNDA:1,Object.<anonymous>
FNDA:1,<instance_members_initializer>
FNDA:1,IndexDB
DA:1,1
DA:2,1
DA:3,1
DA:4,1
DA:5,1
DA:6,1
DA:7,1
DA:8,1
DA:9,1
DA:10,1
DA:11,1
DA:12,1
DA:13,1
DA:14,1
DA:15,1
DA:16,1
DA:17,1
DA:18,1
DA:19,1
DA:20,1
DA:21,1
DA:22,1
DA:23,1
DA:24,1
DA:25,1
DA:26,1
DA:27,1
DA:28,1
DA:29,1
DA:30,1
LF:30
LH:30
BRDA:1,0,0,1
BRDA:1,1,0,1
BRDA:16,2,0,1
BRDA:16,3,0,1
BRF:4
BRH:4
end_of_record
TN:
SF:packages/core/IndexDB/screenCache.ts
FN:1,Object.<anonymous>
FN:12,add
FN:44,get
FNF:3
FNH:3
FNDA:1,Object.<anonymous>
FNDA:1,add
FNDA:1,get
DA:1,1
DA:2,1
DA:3,1
DA:4,1
DA:5,1
DA:6,1
DA:7,1
DA:8,1
DA:9,1
DA:10,1
DA:11,1
DA:12,1
DA:13,1
DA:14,1
DA:15,1
DA:16,1
DA:17,1
DA:18,0
DA:19,0
DA:20,0
DA:21,0
DA:22,0
DA:23,0
DA:24,0
DA:25,0
DA:26,0
DA:27,0
DA:28,0
DA:29,0
DA:30,0
DA:31,0
DA:32,1
DA:33,1
DA:34,1
DA:35,1
DA:36,1
DA:37,1
DA:38,1
DA:39,1
DA:40,1
DA:41,1
DA:42,1
DA:43,1
DA:44,1
DA:45,1
DA:46,1
DA:47,1
DA:48,1
LF:48
LH:34
BRDA:1,0,0,1
BRDA:1,1,0,1
BRDA:12,2,0,1
BRDA:12,3,0,1
BRDA:14,4,0,1
BRDA:17,5,0,0
BRDA:44,6,0,1
BRF:7
BRH:6
end_of_record
TN:
SF:packages/core/Scene/task.ts
FN:1,Object.<anonymous>
FN:6,<instance_members_initializer>
FN:7,SceneTask
FNF:3
FNH:3
FNDA:1,Object.<anonymous>
FNDA:2,<instance_members_initializer>
FNDA:2,SceneTask
DA:1,1
DA:2,1
DA:3,1
DA:4,1
DA:5,1
DA:6,1
DA:7,1
DA:8,2
DA:9,2
DA:10,1
DA:11,1
DA:12,1
DA:13,1
DA:14,1
DA:15,1
DA:16,0
DA:17,0
DA:18,0
LF:18
LH:15
BRDA:1,0,0,1
BRDA:1,1,0,1
BRDA:6,2,0,2
BRDA:7,3,0,2
BRDA:9,4,0,1
BRDA:16,5,0,0
BRF:6
BRH:5
end_of_record
TN:
SF:packages/core/Screen/index.ts
FN:1,Object.<anonymous>
FN:15,<instance_members_initializer>
FN:21,changeLock
FN:34,makeGroup
FN:88,pushWidgetGroup
FN:122,cancelGroup
FN:161,cancelSelectWidget
FN:167,selectWidgetById
FN:172,selectOneWidget
FN:173,copyWidget
FN:181,removeWidget
FN:217,pushWidget
FN:236,checkChange
FN:247,removeScreenById
FN:266,selectScreenByIndex
FN:269,createScreen
FN:286,get sceneWidgetsBySortList
FNF:17
FNH:4
FNDA:1,Object.<anonymous>
FNDA:1,<instance_members_initializer>
FNDA:0,changeLock
FNDA:0,makeGroup
FNDA:0,pushWidgetGroup
FNDA:0,cancelGroup
FNDA:1,cancelSelectWidget
FNDA:0,selectWidgetById
FNDA:0,selectOneWidget
FNDA:0,copyWidget
FNDA:0,removeWidget
FNDA:0,pushWidget
FNDA:0,checkChange
FNDA:0,removeScreenById
FNDA:0,selectScreenByIndex
FNDA:1,createScreen
FNDA:0,get sceneWidgetsBySortList
DA:1,1
DA:2,1
DA:3,1
DA:4,1
DA:5,1
DA:6,1
DA:7,1
DA:8,1
DA:9,1
DA:10,1
DA:11,1
DA:12,1
DA:13,1
DA:14,1
DA:15,1
DA:16,1
DA:17,1
DA:18,1
DA:19,1
DA:20,1
DA:21,1
DA:22,0
DA:23,0
DA:24,0
DA:25,0
DA:26,0
DA:27,0
DA:28,0
DA:29,0
DA:30,0
DA:31,0
DA:32,0
DA:33,1
DA:34,1
DA:35,0
DA:36,0
DA:37,0
DA:38,0
DA:39,0
DA:40,0
DA:41,0
DA:42,0
DA:43,0
DA:44,0
DA:45,0
DA:46,0
DA:47,0
DA:48,0
DA:49,0
DA:50,0
DA:51,0
DA:52,0
DA:53,0
DA:54,0
DA:55,0
DA:56,0
DA:57,0
DA:58,0
DA:59,0
DA:60,0
DA:61,0
DA:62,0
DA:63,0
DA:64,0
DA:65,0
DA:66,0
DA:67,0
DA:68,0
DA:69,0
DA:70,0
DA:71,0
DA:72,0
DA:73,0
DA:74,0
DA:75,0
DA:76,0
DA:77,0
DA:78,0
DA:79,0
DA:80,0
DA:81,0
DA:82,0
DA:83,0
DA:84,0
DA:85,0
DA:86,0
DA:87,1
DA:88,1
DA:89,0
DA:90,0
DA:91,0
DA:92,0
DA:93,0
DA:94,0
DA:95,0
DA:96,0
DA:97,0
DA:98,0
DA:99,0
DA:100,0
DA:101,0
DA:102,0
DA:103,0
DA:104,0
DA:105,0
DA:106,0
DA:107,0
DA:108,0
DA:109,0
DA:110,0
DA:111,0
DA:112,0
DA:113,0
DA:114,0
DA:115,0
DA:116,0
DA:117,0
DA:118,0
DA:119,0
DA:120,0
DA:121,0
DA:122,1
DA:123,0
DA:124,0
DA:125,0
DA:126,0
DA:127,0
DA:128,0
DA:129,0
DA:130,0
DA:131,0
DA:132,0
DA:133,0
DA:134,0
DA:135,0
DA:136,0
DA:137,0
DA:138,0
DA:139,0
DA:140,0
DA:141,0
DA:142,0
DA:143,0
DA:144,0
DA:145,0
DA:146,0
DA:147,0
DA:148,0
DA:149,0
DA:150,0
DA:151,0
DA:152,0
DA:153,0
DA:154,0
DA:155,0
DA:156,0
DA:157,0
DA:158,0
DA:159,0
DA:160,1
DA:161,1
DA:162,1
DA:163,1
DA:164,1
DA:165,1
DA:166,1
DA:167,1
DA:168,0
DA:169,0
DA:170,0
DA:171,0
DA:172,1
DA:173,1
DA:174,0
DA:175,0
DA:176,0
DA:177,0
DA:178,0
DA:179,1
DA:180,1
DA:181,1
DA:182,0
DA:183,0
DA:184,0
DA:185,0
DA:186,0
DA:187,0
DA:188,0
DA:189,0
DA:190,0
DA:191,0
DA:192,0
DA:193,0
DA:194,0
DA:195,0
DA:196,0
DA:197,0
DA:198,0
DA:199,0
DA:200,0
DA:201,0
DA:202,0
DA:203,0
DA:204,0
DA:205,0
DA:206,0
DA:207,0
DA:208,0
DA:209,0
DA:210,0
DA:211,0
DA:212,0
DA:213,0
DA:214,0
DA:215,0
DA:216,0
DA:217,1
DA:218,0
DA:219,0
DA:220,0
DA:221,0
DA:222,0
DA:223,0
DA:224,0
DA:225,0
DA:226,0
DA:227,0
DA:228,0
DA:229,0
DA:230,0
DA:231,0
DA:232,0
DA:233,0
DA:234,0
DA:235,1
DA:236,1
DA:237,0
DA:238,0
DA:239,0
DA:240,0
DA:241,0
DA:242,0
DA:243,0
DA:244,0
DA:245,1
DA:246,1
DA:247,0
DA:248,0
DA:249,0
DA:250,0
DA:251,0
DA:252,0
DA:253,0
DA:254,0
DA:255,0
DA:256,0
DA:257,0
DA:258,0
DA:259,0
DA:260,0
DA:261,0
DA:262,0
DA:263,0
DA:264,0
DA:265,1
DA:266,1
DA:267,0
DA:268,1
DA:269,1
DA:270,1
DA:271,1
DA:272,1
DA:273,1
DA:274,1
DA:275,1
DA:276,1
DA:277,1
DA:278,1
DA:279,1
DA:280,1
DA:281,1
DA:282,1
DA:283,1
DA:284,1
DA:285,1
DA:286,0
DA:287,0
DA:288,0
DA:289,0
DA:290,0
DA:291,0
DA:292,0
DA:293,0
DA:294,0
DA:295,0
LF:295
LH:64
BRDA:1,0,0,1
BRDA:1,1,0,1
BRDA:15,2,0,1
BRDA:161,3,0,1
BRDA:269,4,0,1
BRF:5
BRH:5
end_of_record
TN:
SF:packages/core/Screen/task.ts
FN:1,Object.<anonymous>
FN:6,<instance_members_initializer>
FN:36,ScreenTask
FNF:3
FNH:3
FNDA:1,Object.<anonymous>
FNDA:1,<instance_members_initializer>
FNDA:1,ScreenTask
DA:1,1
DA:2,1
DA:3,1
DA:4,1
DA:5,1
DA:6,1
DA:7,1
DA:8,1
DA:9,1
DA:10,1
DA:11,1
DA:12,1
DA:13,1
DA:14,1
DA:15,1
DA:16,1
DA:17,1
DA:18,1
DA:19,1
DA:20,1
DA:21,1
DA:22,1
DA:23,1
DA:24,1
DA:25,1
DA:26,1
DA:27,1
DA:28,1
DA:29,1
DA:30,1
DA:31,1
DA:32,1
DA:33,1
DA:34,1
DA:35,1
DA:36,1
DA:37,1
DA:38,1
DA:39,1
DA:40,1
DA:41,1
DA:42,1
DA:43,1
DA:44,1
DA:45,1
DA:46,1
DA:47,1
DA:48,0
DA:49,1
DA:50,1
DA:51,1
DA:52,1
DA:53,1
DA:54,1
DA:55,1
DA:56,1
DA:57,1
DA:58,1
DA:59,1
DA:60,1
LF:60
LH:59
BRDA:1,0,0,1
BRDA:1,1,0,1
BRDA:6,2,0,1
BRDA:36,3,0,1
BRDA:47,4,0,0
BRF:5
BRH:4
end_of_record
TN:
SF:packages/core/Widget/animation.ts
FN:1,Object.<anonymous>
FN:7,<instance_members_initializer>
FN:8,WidgetAnimation
FNF:3
FNH:3
FNDA:2,Object.<anonymous>
FNDA:1,<instance_members_initializer>
FNDA:1,WidgetAnimation
DA:1,2
DA:2,2
DA:3,2
DA:4,2
DA:5,2
DA:6,2
DA:7,2
DA:8,2
DA:9,1
DA:10,0
DA:11,0
DA:12,0
DA:13,0
DA:14,0
LF:14
LH:9
BRDA:1,0,0,2
BRDA:1,1,0,2
BRDA:7,2,0,1
BRDA:8,3,0,1
BRDA:9,4,0,0
BRF:5
BRH:4
end_of_record
TN:
SF:packages/core/Widget/background.ts
FN:1,Object.<anonymous>
FN:4,<instance_members_initializer>
FN:5,WidgetBackground
FNF:3
FNH:3
FNDA:1,Object.<anonymous>
FNDA:1,<instance_members_initializer>
FNDA:1,WidgetBackground
DA:1,1
DA:2,1
DA:3,1
DA:4,1
DA:5,1
DA:6,1
DA:7,1
DA:8,1
DA:9,1
DA:10,1
DA:11,1
LF:11
LH:11
BRDA:1,0,0,1
BRDA:1,1,0,1
BRDA:4,2,0,1
BRDA:5,3,0,1
BRF:4
BRH:4
end_of_record
TN:
SF:packages/core/Widget/conf.ts
FN:1,Object.<anonymous>
FN:5,<instance_members_initializer>
FN:22,WidgetConfig
FNF:3
FNH:3
FNDA:2,Object.<anonymous>
FNDA:1,<instance_members_initializer>
FNDA:1,WidgetConfig
DA:1,2
DA:2,2
DA:3,2
DA:4,2
DA:5,2
DA:6,1
DA:7,1
DA:8,1
DA:9,1
DA:10,1
DA:11,1
DA:12,1
DA:13,1
DA:14,1
DA:15,1
DA:16,1
DA:17,1
DA:18,1
DA:19,1
DA:20,1
DA:21,1
DA:22,2
DA:23,1
DA:24,1
DA:25,1
DA:26,1
DA:27,1
DA:28,1
DA:29,1
DA:30,1
DA:31,1
DA:32,1
DA:33,0
DA:34,1
DA:35,1
DA:36,1
DA:37,1
DA:38,1
DA:39,1
DA:40,1
DA:41,1
DA:42,1
DA:43,1
DA:44,1
DA:45,1
DA:46,1
DA:47,1
DA:48,1
DA:49,1
DA:50,1
DA:51,1
DA:52,1
DA:53,1
DA:54,2
DA:55,1
DA:56,1
DA:57,1
DA:58,1
DA:59,1
DA:60,1
DA:61,1
LF:61
LH:60
BRDA:1,0,0,2
BRDA:1,1,0,2
BRDA:5,2,0,1
BRDA:22,3,0,1
BRDA:32,4,0,0
BRDA:42,5,0,0
BRDA:48,6,0,0
BRDA:50,7,0,0
BRDA:52,8,0,0
BRDA:53,9,0,0
BRF:10
BRH:4
end_of_record
TN:
SF:packages/core/Widget/layer.ts
FN:1,Object.<anonymous>
FN:5,<instance_members_initializer>
FN:8,WidgetLayer
FNF:3
FNH:1
FNDA:1,Object.<anonymous>
FNDA:0,<instance_members_initializer>
FNDA:0,WidgetLayer
DA:1,1
DA:2,1
DA:3,1
DA:4,1
DA:5,1
DA:6,0
DA:7,0
DA:8,1
DA:9,0
DA:10,0
DA:11,0
DA:12,0
DA:13,0
DA:14,0
DA:15,0
LF:15
LH:6
BRDA:1,0,0,1
BRDA:1,1,0,1
BRDA:5,2,0,0
BRF:3
BRH:2
end_of_record
TN:
SF:packages/core/Widget/task.ts
FN:1,Object.<anonymous>
FN:5,<instance_members_initializer>
FN:6,Widget
FNF:3
FNH:3
FNDA:2,Object.<anonymous>
FNDA:1,<instance_members_initializer>
FNDA:1,Widget
DA:1,2
DA:2,2
DA:3,2
DA:4,2
DA:5,2
DA:6,2
DA:7,1
DA:8,1
DA:9,1
DA:10,1
DA:11,1
DA:12,1
DA:13,1
DA:14,1
DA:15,1
DA:16,1
DA:17,1
DA:18,1
DA:19,2
DA:20,1
DA:21,1
DA:22,1
DA:23,1
DA:24,1
DA:25,1
DA:26,1
DA:27,1
DA:28,1
DA:29,1
DA:30,1
DA:31,1
DA:32,1
DA:33,1
DA:34,1
DA:35,1
DA:36,1
DA:37,1
DA:38,1
DA:39,1
LF:39
LH:39
BRDA:1,0,0,2
BRDA:1,1,0,2
BRDA:5,2,0,1
BRDA:6,3,0,1
BRDA:17,4,0,0
BRF:5
BRH:4
end_of_record
